This file contains any messages produced by compilers while
running configure, to aid debugging if configure makes a mistake.

It was created by libccv configure 0.6, which was
generated by GNU Autoconf 2.69.  Invocation command line was

  $ ./configure 

## --------- ##
## Platform. ##
## --------- ##

hostname = killercolibri
uname -m = x86_64
uname -r = 3.16.0-33-generic
uname -s = Linux
uname -v = #44~14.04.1-Ubuntu SMP Fri Mar 13 10:33:29 UTC 2015

/usr/bin/uname -p = unknown
/bin/uname -X     = unknown

/bin/arch              = unknown
/usr/bin/arch -k       = unknown
/usr/convex/getsysinfo = unknown
/usr/bin/hostinfo      = unknown
/bin/machine           = unknown
/usr/bin/oslevel       = unknown
/bin/universe          = unknown

PATH: /home/mbrosowsky/miniconda2/bin
PATH: /home/mbrosowsky/miniconda2/bin
PATH: /usr/local/sbin
PATH: /usr/local/bin
PATH: /usr/sbin
PATH: /usr/bin
PATH: /sbin
PATH: /bin
PATH: /usr/games
PATH: /usr/local/games
PATH: /home/mbrosowsky/local/bin
PATH: /home/mbrosowsky/Masterthesis/Programme/ilastik-1.1.9rc3-Linux
PATH: /usr/local/texlive/2015/bin/x86_64-linux
PATH: /home/mbrosowsky/local/bin
PATH: /home/mbrosowsky/Masterthesis/Programme/ilastik-1.1.9rc3-Linux
PATH: /usr/local/texlive/2015/bin/x86_64-linux


## ----------- ##
## Core tests. ##
## ----------- ##

configure:2043: checking for clang
configure:2059: found /usr/bin/clang
configure:2070: result: clang
configure:2082: checking for nvcc
configure:2112: result: no
configure:2119: checking neon
configure:2136: result: no
configure:2448: checking for C compiler version
configure:2457: clang --version >&5
Ubuntu clang version 3.4.2-3ubuntu2~xedgers (tags/RELEASE_34/dot2-final) (based on LLVM 3.4.2)
Target: x86_64-pc-linux-gnu
Thread model: posix
configure:2468: $? = 0
configure:2457: clang -v >&5
Ubuntu clang version 3.4.2-3ubuntu2~xedgers (tags/RELEASE_34/dot2-final) (based on LLVM 3.4.2)
Target: x86_64-pc-linux-gnu
Thread model: posix
Found candidate GCC installation: /usr/bin/../lib/gcc/x86_64-linux-gnu/4.6
Found candidate GCC installation: /usr/bin/../lib/gcc/x86_64-linux-gnu/4.6.4
Found candidate GCC installation: /usr/bin/../lib/gcc/x86_64-linux-gnu/4.8
Found candidate GCC installation: /usr/bin/../lib/gcc/x86_64-linux-gnu/4.8.4
Found candidate GCC installation: /usr/bin/../lib/gcc/x86_64-linux-gnu/4.9
Found candidate GCC installation: /usr/bin/../lib/gcc/x86_64-linux-gnu/4.9.1
Found candidate GCC installation: /usr/lib/gcc/x86_64-linux-gnu/4.6
... rest of stderr output deleted ...
configure:2468: $? = 0
configure:2457: clang -V >&5
clang: error: argument to '-V' is missing (expected 1 value)
clang: error: no input files
configure:2468: $? = 1
configure:2457: clang -qversion >&5
clang: error: unknown argument: '-qversion'
clang: error: no input files
configure:2468: $? = 1
configure:2488: checking whether the C compiler works
configure:2510: clang    conftest.c  >&5
configure:2514: $? = 0
configure:2562: result: yes
configure:2565: checking for C compiler default output file name
configure:2567: result: a.out
configure:2573: checking for suffix of executables
configure:2580: clang -o conftest    conftest.c  >&5
configure:2584: $? = 0
configure:2606: result: 
configure:2628: checking whether we are cross compiling
configure:2636: clang -o conftest    conftest.c  >&5
configure:2640: $? = 0
configure:2647: ./conftest
configure:2651: $? = 0
configure:2666: result: no
configure:2671: checking for suffix of object files
configure:2693: clang -c   conftest.c >&5
configure:2697: $? = 0
configure:2718: result: o
configure:2722: checking whether we are using the GNU C compiler
configure:2741: clang -c   conftest.c >&5
configure:2741: $? = 0
configure:2750: result: yes
configure:2759: checking whether clang accepts -g
configure:2779: clang -c -g  conftest.c >&5
configure:2779: $? = 0
configure:2820: result: yes
configure:2837: checking for clang option to accept ISO C89
configure:2900: clang  -c -g -O2  conftest.c >&5
configure:2900: $? = 0
configure:2913: result: none needed
configure:2934: checking for sgemm in -lblas
configure:2959: clang -o conftest -g -O2   conftest.c -lblas   >&5
/tmp/conftest-05a8dc.o: In function `main':
/mnt/sdc1/mbrosowsky/Deformabel-Part-Model/ccv/lib/conftest.c:20: undefined reference to `sgemm'
clang: error: linker command failed with exit code 1 (use -v to see invocation)
configure:2959: $? = 1
configure: failed program was:
| /* confdefs.h */
| #define PACKAGE_NAME "libccv"
| #define PACKAGE_TARNAME "libccv"
| #define PACKAGE_VERSION "0.6"
| #define PACKAGE_STRING "libccv 0.6"
| #define PACKAGE_BUGREPORT ""
| #define PACKAGE_URL ""
| /* end confdefs.h.  */
| 
| /* Override any GCC internal prototype to avoid an error.
|    Use char because int might match the return type of a GCC
|    builtin and then its argument prototype would still apply.  */
| #ifdef __cplusplus
| extern "C"
| #endif
| char sgemm ();
| int
| main ()
| {
| return sgemm ();
|   ;
|   return 0;
| }
configure:2968: result: no
configure:2977: checking for ATL_xerbla in -latlas
configure:3002: clang -o conftest -g -O2   conftest.c -latlas   >&5
configure:3002: $? = 0
configure:3011: result: yes
configure:3014: checking for cblas_dgemm in -lcblas
configure:3039: clang -o conftest -g -O2   conftest.c -lcblas -latlas  >&5
configure:3039: $? = 0
configure:3048: result: yes
configure:3071: checking how to run the C preprocessor
configure:3102: clang -E  conftest.c
configure:3102: $? = 0
configure:3116: clang -E  conftest.c
conftest.c:9:10: fatal error: 'ac_nonexistent.h' file not found
#include <ac_nonexistent.h>
         ^
1 error generated.
configure:3116: $? = 1
configure: failed program was:
| /* confdefs.h */
| #define PACKAGE_NAME "libccv"
| #define PACKAGE_TARNAME "libccv"
| #define PACKAGE_VERSION "0.6"
| #define PACKAGE_STRING "libccv 0.6"
| #define PACKAGE_BUGREPORT ""
| #define PACKAGE_URL ""
| /* end confdefs.h.  */
| #include <ac_nonexistent.h>
configure:3141: result: clang -E
configure:3161: clang -E  conftest.c
configure:3161: $? = 0
configure:3175: clang -E  conftest.c
conftest.c:9:10: fatal error: 'ac_nonexistent.h' file not found
#include <ac_nonexistent.h>
         ^
1 error generated.
configure:3175: $? = 1
configure: failed program was:
| /* confdefs.h */
| #define PACKAGE_NAME "libccv"
| #define PACKAGE_TARNAME "libccv"
| #define PACKAGE_VERSION "0.6"
| #define PACKAGE_STRING "libccv 0.6"
| #define PACKAGE_BUGREPORT ""
| #define PACKAGE_URL ""
| /* end confdefs.h.  */
| #include <ac_nonexistent.h>
configure:3204: checking for grep that handles long lines and -e
configure:3262: result: /bin/grep
configure:3267: checking for egrep
configure:3329: result: /bin/grep -E
configure:3334: checking for ANSI C header files
configure:3354: clang -c -g -O2  conftest.c >&5
configure:3354: $? = 0
configure:3427: clang -o conftest -g -O2   conftest.c  >&5
configure:3427: $? = 0
configure:3427: ./conftest
configure:3427: $? = 0
configure:3438: result: yes
configure:3451: checking for sys/types.h
configure:3451: clang -c -g -O2  conftest.c >&5
configure:3451: $? = 0
configure:3451: result: yes
configure:3451: checking for sys/stat.h
configure:3451: clang -c -g -O2  conftest.c >&5
configure:3451: $? = 0
configure:3451: result: yes
configure:3451: checking for stdlib.h
configure:3451: clang -c -g -O2  conftest.c >&5
configure:3451: $? = 0
configure:3451: result: yes
configure:3451: checking for string.h
configure:3451: clang -c -g -O2  conftest.c >&5
configure:3451: $? = 0
configure:3451: result: yes
configure:3451: checking for memory.h
configure:3451: clang -c -g -O2  conftest.c >&5
configure:3451: $? = 0
configure:3451: result: yes
configure:3451: checking for strings.h
configure:3451: clang -c -g -O2  conftest.c >&5
configure:3451: $? = 0
configure:3451: result: yes
configure:3451: checking for inttypes.h
configure:3451: clang -c -g -O2  conftest.c >&5
configure:3451: $? = 0
configure:3451: result: yes
configure:3451: checking for stdint.h
configure:3451: clang -c -g -O2  conftest.c >&5
configure:3451: $? = 0
configure:3451: result: yes
configure:3451: checking for unistd.h
configure:3451: clang -c -g -O2  conftest.c >&5
configure:3451: $? = 0
configure:3451: result: yes
configure:3463: checking png.h usability
configure:3463: clang -c -g -O2  conftest.c >&5
configure:3463: $? = 0
configure:3463: result: yes
configure:3463: checking png.h presence
configure:3463: clang -E  conftest.c
configure:3463: $? = 0
configure:3463: result: yes
configure:3463: checking for png.h
configure:3463: result: yes
configure:3471: checking jpeglib.h usability
configure:3471: clang -c -g -O2  conftest.c >&5
configure:3471: $? = 0
configure:3471: result: yes
configure:3471: checking jpeglib.h presence
configure:3471: clang -E  conftest.c
configure:3471: $? = 0
configure:3471: result: yes
configure:3471: checking for jpeglib.h
configure:3471: result: yes
configure:3479: checking fftw3.h usability
configure:3479: clang -c -g -O2  conftest.c >&5
configure:3479: $? = 0
configure:3479: result: yes
configure:3479: checking fftw3.h presence
configure:3479: clang -E  conftest.c
configure:3479: $? = 0
configure:3479: result: yes
configure:3479: checking for fftw3.h
configure:3479: result: yes
configure:3487: checking linear.h usability
configure:3487: clang -c -g -O2  conftest.c >&5
configure:3487: $? = 0
configure:3487: result: yes
configure:3487: checking linear.h presence
configure:3487: clang -E  conftest.c
configure:3487: $? = 0
configure:3487: result: yes
configure:3487: checking for linear.h
configure:3487: result: yes
configure:3495: checking tesseract/capi.h usability
configure:3495: clang -c -g -O2  conftest.c >&5
conftest.c:52:10: fatal error: 'tesseract/capi.h' file not found
#include <tesseract/capi.h>
         ^
1 error generated.
configure:3495: $? = 1
configure: failed program was:
| /* confdefs.h */
| #define PACKAGE_NAME "libccv"
| #define PACKAGE_TARNAME "libccv"
| #define PACKAGE_VERSION "0.6"
| #define PACKAGE_STRING "libccv 0.6"
| #define PACKAGE_BUGREPORT ""
| #define PACKAGE_URL ""
| #define STDC_HEADERS 1
| #define HAVE_SYS_TYPES_H 1
| #define HAVE_SYS_STAT_H 1
| #define HAVE_STDLIB_H 1
| #define HAVE_STRING_H 1
| #define HAVE_MEMORY_H 1
| #define HAVE_STRINGS_H 1
| #define HAVE_INTTYPES_H 1
| #define HAVE_STDINT_H 1
| #define HAVE_UNISTD_H 1
| /* end confdefs.h.  */
| #include <stdio.h>
| #ifdef HAVE_SYS_TYPES_H
| # include <sys/types.h>
| #endif
| #ifdef HAVE_SYS_STAT_H
| # include <sys/stat.h>
| #endif
| #ifdef STDC_HEADERS
| # include <stdlib.h>
| # include <stddef.h>
| #else
| # ifdef HAVE_STDLIB_H
| #  include <stdlib.h>
| # endif
| #endif
| #ifdef HAVE_STRING_H
| # if !defined STDC_HEADERS && defined HAVE_MEMORY_H
| #  include <memory.h>
| # endif
| # include <string.h>
| #endif
| #ifdef HAVE_STRINGS_H
| # include <strings.h>
| #endif
| #ifdef HAVE_INTTYPES_H
| # include <inttypes.h>
| #endif
| #ifdef HAVE_STDINT_H
| # include <stdint.h>
| #endif
| #ifdef HAVE_UNISTD_H
| # include <unistd.h>
| #endif
| #include <tesseract/capi.h>
configure:3495: result: no
configure:3495: checking tesseract/capi.h presence
configure:3495: clang -E  conftest.c
conftest.c:19:10: fatal error: 'tesseract/capi.h' file not found
#include <tesseract/capi.h>
         ^
1 error generated.
configure:3495: $? = 1
configure: failed program was:
| /* confdefs.h */
| #define PACKAGE_NAME "libccv"
| #define PACKAGE_TARNAME "libccv"
| #define PACKAGE_VERSION "0.6"
| #define PACKAGE_STRING "libccv 0.6"
| #define PACKAGE_BUGREPORT ""
| #define PACKAGE_URL ""
| #define STDC_HEADERS 1
| #define HAVE_SYS_TYPES_H 1
| #define HAVE_SYS_STAT_H 1
| #define HAVE_STDLIB_H 1
| #define HAVE_STRING_H 1
| #define HAVE_MEMORY_H 1
| #define HAVE_STRINGS_H 1
| #define HAVE_INTTYPES_H 1
| #define HAVE_STDINT_H 1
| #define HAVE_UNISTD_H 1
| /* end confdefs.h.  */
| #include <tesseract/capi.h>
configure:3495: result: no
configure:3495: checking for tesseract/capi.h
configure:3495: result: no
configure:3503: checking Accelerate/Accelerate.h usability
configure:3503: clang -c -g -O2  conftest.c >&5
conftest.c:52:10: fatal error: 'Accelerate/Accelerate.h' file not found
#include <Accelerate/Accelerate.h>
         ^
1 error generated.
configure:3503: $? = 1
configure: failed program was:
| /* confdefs.h */
| #define PACKAGE_NAME "libccv"
| #define PACKAGE_TARNAME "libccv"
| #define PACKAGE_VERSION "0.6"
| #define PACKAGE_STRING "libccv 0.6"
| #define PACKAGE_BUGREPORT ""
| #define PACKAGE_URL ""
| #define STDC_HEADERS 1
| #define HAVE_SYS_TYPES_H 1
| #define HAVE_SYS_STAT_H 1
| #define HAVE_STDLIB_H 1
| #define HAVE_STRING_H 1
| #define HAVE_MEMORY_H 1
| #define HAVE_STRINGS_H 1
| #define HAVE_INTTYPES_H 1
| #define HAVE_STDINT_H 1
| #define HAVE_UNISTD_H 1
| /* end confdefs.h.  */
| #include <stdio.h>
| #ifdef HAVE_SYS_TYPES_H
| # include <sys/types.h>
| #endif
| #ifdef HAVE_SYS_STAT_H
| # include <sys/stat.h>
| #endif
| #ifdef STDC_HEADERS
| # include <stdlib.h>
| # include <stddef.h>
| #else
| # ifdef HAVE_STDLIB_H
| #  include <stdlib.h>
| # endif
| #endif
| #ifdef HAVE_STRING_H
| # if !defined STDC_HEADERS && defined HAVE_MEMORY_H
| #  include <memory.h>
| # endif
| # include <string.h>
| #endif
| #ifdef HAVE_STRINGS_H
| # include <strings.h>
| #endif
| #ifdef HAVE_INTTYPES_H
| # include <inttypes.h>
| #endif
| #ifdef HAVE_STDINT_H
| # include <stdint.h>
| #endif
| #ifdef HAVE_UNISTD_H
| # include <unistd.h>
| #endif
| #include <Accelerate/Accelerate.h>
configure:3503: result: no
configure:3503: checking Accelerate/Accelerate.h presence
configure:3503: clang -E  conftest.c
conftest.c:19:10: fatal error: 'Accelerate/Accelerate.h' file not found
#include <Accelerate/Accelerate.h>
         ^
1 error generated.
configure:3503: $? = 1
configure: failed program was:
| /* confdefs.h */
| #define PACKAGE_NAME "libccv"
| #define PACKAGE_TARNAME "libccv"
| #define PACKAGE_VERSION "0.6"
| #define PACKAGE_STRING "libccv 0.6"
| #define PACKAGE_BUGREPORT ""
| #define PACKAGE_URL ""
| #define STDC_HEADERS 1
| #define HAVE_SYS_TYPES_H 1
| #define HAVE_SYS_STAT_H 1
| #define HAVE_STDLIB_H 1
| #define HAVE_STRING_H 1
| #define HAVE_MEMORY_H 1
| #define HAVE_STRINGS_H 1
| #define HAVE_INTTYPES_H 1
| #define HAVE_STDINT_H 1
| #define HAVE_UNISTD_H 1
| /* end confdefs.h.  */
| #include <Accelerate/Accelerate.h>
configure:3503: result: no
configure:3503: checking for Accelerate/Accelerate.h
configure:3503: result: no
configure:3511: checking libavcodec/avcodec.h usability
configure:3511: clang -c -g -O2  conftest.c >&5
configure:3511: $? = 0
configure:3511: result: yes
configure:3511: checking libavcodec/avcodec.h presence
configure:3511: clang -E  conftest.c
configure:3511: $? = 0
configure:3511: result: yes
configure:3511: checking for libavcodec/avcodec.h
configure:3511: result: yes
configure:3519: checking libavformat/avformat.h usability
configure:3519: clang -c -g -O2  conftest.c >&5
configure:3519: $? = 0
configure:3519: result: yes
configure:3519: checking libavformat/avformat.h presence
configure:3519: clang -E  conftest.c
configure:3519: $? = 0
configure:3519: result: yes
configure:3519: checking for libavformat/avformat.h
configure:3519: result: yes
configure:3527: checking libswscale/swscale.h usability
configure:3527: clang -c -g -O2  conftest.c >&5
configure:3527: $? = 0
configure:3527: result: yes
configure:3527: checking libswscale/swscale.h presence
configure:3527: clang -E  conftest.c
configure:3527: $? = 0
configure:3527: result: yes
configure:3527: checking for libswscale/swscale.h
configure:3527: result: yes
configure:3537: checking dispatch/dispatch.h usability
configure:3537: clang -c -g -O2  conftest.c >&5
conftest.c:52:10: fatal error: 'dispatch/dispatch.h' file not found
#include <dispatch/dispatch.h>
         ^
1 error generated.
configure:3537: $? = 1
configure: failed program was:
| /* confdefs.h */
| #define PACKAGE_NAME "libccv"
| #define PACKAGE_TARNAME "libccv"
| #define PACKAGE_VERSION "0.6"
| #define PACKAGE_STRING "libccv 0.6"
| #define PACKAGE_BUGREPORT ""
| #define PACKAGE_URL ""
| #define STDC_HEADERS 1
| #define HAVE_SYS_TYPES_H 1
| #define HAVE_SYS_STAT_H 1
| #define HAVE_STDLIB_H 1
| #define HAVE_STRING_H 1
| #define HAVE_MEMORY_H 1
| #define HAVE_STRINGS_H 1
| #define HAVE_INTTYPES_H 1
| #define HAVE_STDINT_H 1
| #define HAVE_UNISTD_H 1
| /* end confdefs.h.  */
| #include <stdio.h>
| #ifdef HAVE_SYS_TYPES_H
| # include <sys/types.h>
| #endif
| #ifdef HAVE_SYS_STAT_H
| # include <sys/stat.h>
| #endif
| #ifdef STDC_HEADERS
| # include <stdlib.h>
| # include <stddef.h>
| #else
| # ifdef HAVE_STDLIB_H
| #  include <stdlib.h>
| # endif
| #endif
| #ifdef HAVE_STRING_H
| # if !defined STDC_HEADERS && defined HAVE_MEMORY_H
| #  include <memory.h>
| # endif
| # include <string.h>
| #endif
| #ifdef HAVE_STRINGS_H
| # include <strings.h>
| #endif
| #ifdef HAVE_INTTYPES_H
| # include <inttypes.h>
| #endif
| #ifdef HAVE_STDINT_H
| # include <stdint.h>
| #endif
| #ifdef HAVE_UNISTD_H
| # include <unistd.h>
| #endif
| #include <dispatch/dispatch.h>
configure:3537: result: no
configure:3537: checking dispatch/dispatch.h presence
configure:3537: clang -E  conftest.c
conftest.c:19:10: fatal error: 'dispatch/dispatch.h' file not found
#include <dispatch/dispatch.h>
         ^
1 error generated.
configure:3537: $? = 1
configure: failed program was:
| /* confdefs.h */
| #define PACKAGE_NAME "libccv"
| #define PACKAGE_TARNAME "libccv"
| #define PACKAGE_VERSION "0.6"
| #define PACKAGE_STRING "libccv 0.6"
| #define PACKAGE_BUGREPORT ""
| #define PACKAGE_URL ""
| #define STDC_HEADERS 1
| #define HAVE_SYS_TYPES_H 1
| #define HAVE_SYS_STAT_H 1
| #define HAVE_STDLIB_H 1
| #define HAVE_STRING_H 1
| #define HAVE_MEMORY_H 1
| #define HAVE_STRINGS_H 1
| #define HAVE_INTTYPES_H 1
| #define HAVE_STDINT_H 1
| #define HAVE_UNISTD_H 1
| /* end confdefs.h.  */
| #include <dispatch/dispatch.h>
configure:3537: result: no
configure:3537: checking for dispatch/dispatch.h
configure:3537: result: no
configure:3545: checking for dispatch_apply in -ldispatch
configure:3570: clang -o conftest -g -O2   conftest.c -ldispatch   >&5
/usr/bin/ld: cannot find -ldispatch
clang: error: linker command failed with exit code 1 (use -v to see invocation)
configure:3570: $? = 1
configure: failed program was:
| /* confdefs.h */
| #define PACKAGE_NAME "libccv"
| #define PACKAGE_TARNAME "libccv"
| #define PACKAGE_VERSION "0.6"
| #define PACKAGE_STRING "libccv 0.6"
| #define PACKAGE_BUGREPORT ""
| #define PACKAGE_URL ""
| #define STDC_HEADERS 1
| #define HAVE_SYS_TYPES_H 1
| #define HAVE_SYS_STAT_H 1
| #define HAVE_STDLIB_H 1
| #define HAVE_STRING_H 1
| #define HAVE_MEMORY_H 1
| #define HAVE_STRINGS_H 1
| #define HAVE_INTTYPES_H 1
| #define HAVE_STDINT_H 1
| #define HAVE_UNISTD_H 1
| /* end confdefs.h.  */
| 
| /* Override any GCC internal prototype to avoid an error.
|    Use char because int might match the return type of a GCC
|    builtin and then its argument prototype would still apply.  */
| #ifdef __cplusplus
| extern "C"
| #endif
| char dispatch_apply ();
| int
| main ()
| {
| return dispatch_apply ();
|   ;
|   return 0;
| }
configure:3579: result: no
configure:3589: checking xmmintrin.h usability
configure:3589: clang -c -g -O2  conftest.c >&5
configure:3589: $? = 0
configure:3589: result: yes
configure:3589: checking xmmintrin.h presence
configure:3589: clang -E  conftest.c
configure:3589: $? = 0
configure:3589: result: yes
configure:3589: checking for xmmintrin.h
configure:3589: result: yes
configure:3600: checking for cos in -lm
configure:3625: clang -o conftest -g -O2   conftest.c -lm   >&5
conftest.c:26:6: warning: incompatible redeclaration of library function 'cos' [-Wincompatible-library-redeclaration]
char cos ();
     ^
conftest.c:26:6: note: 'cos' is a builtin with type 'double (double)'
1 warning generated.
configure:3625: $? = 0
configure:3634: result: yes
configure:3645: checking for cblas_dgemm in -lgslcblas
configure:3670: clang -o conftest -g -O2   conftest.c -lgslcblas  -lm  >&5
configure:3670: $? = 0
configure:3679: result: yes
configure:3690: checking for gsl_blas_dgemm in -lgsl
configure:3715: clang -o conftest -g -O2   conftest.c -lgsl  -lgslcblas -lm  >&5
configure:3715: $? = 0
configure:3724: result: yes
configure:3734: checking cuda
configure:3752: result: yes, x86_64
configure:3948: creating ./config.status

## ---------------------- ##
## Running config.status. ##
## ---------------------- ##

This file was extended by libccv config.status 0.6, which was
generated by GNU Autoconf 2.69.  Invocation command line was

  CONFIG_FILES    = 
  CONFIG_HEADERS  = 
  CONFIG_LINKS    = 
  CONFIG_COMMANDS = 
  $ ./config.status 

on killercolibri

config.status:733: creating config.mk

## ---------------- ##
## Cache variables. ##
## ---------------- ##

ac_cv_c_compiler_gnu=yes
ac_cv_env_CC_set=
ac_cv_env_CC_value=
ac_cv_env_CFLAGS_set=
ac_cv_env_CFLAGS_value=
ac_cv_env_CPPFLAGS_set=
ac_cv_env_CPPFLAGS_value=
ac_cv_env_CPP_set=
ac_cv_env_CPP_value=
ac_cv_env_LDFLAGS_set=
ac_cv_env_LDFLAGS_value=
ac_cv_env_LIBS_set=
ac_cv_env_LIBS_value=
ac_cv_env_build_alias_set=
ac_cv_env_build_alias_value=
ac_cv_env_host_alias_set=
ac_cv_env_host_alias_value=
ac_cv_env_target_alias_set=
ac_cv_env_target_alias_value=
ac_cv_header_Accelerate_Accelerate_h=no
ac_cv_header_dispatch_dispatch_h=no
ac_cv_header_fftw3_h=yes
ac_cv_header_inttypes_h=yes
ac_cv_header_jpeglib_h=yes
ac_cv_header_libavcodec_avcodec_h=yes
ac_cv_header_libavformat_avformat_h=yes
ac_cv_header_libswscale_swscale_h=yes
ac_cv_header_linear_h=yes
ac_cv_header_memory_h=yes
ac_cv_header_png_h=yes
ac_cv_header_stdc=yes
ac_cv_header_stdint_h=yes
ac_cv_header_stdlib_h=yes
ac_cv_header_string_h=yes
ac_cv_header_strings_h=yes
ac_cv_header_sys_stat_h=yes
ac_cv_header_sys_types_h=yes
ac_cv_header_tesseract_capi_h=no
ac_cv_header_unistd_h=yes
ac_cv_header_xmmintrin_h=yes
ac_cv_lib_atlas_ATL_xerbla=yes
ac_cv_lib_blas_sgemm=no
ac_cv_lib_cblas_cblas_dgemm=yes
ac_cv_lib_dispatch_dispatch_apply=no
ac_cv_lib_gsl_gsl_blas_dgemm=yes
ac_cv_lib_gslcblas_cblas_dgemm=yes
ac_cv_lib_m_cos=yes
ac_cv_objext=o
ac_cv_path_EGREP='/bin/grep -E'
ac_cv_path_GREP=/bin/grep
ac_cv_prog_CC=clang
ac_cv_prog_CPP='clang -E'
ac_cv_prog_cc_c89=
ac_cv_prog_cc_g=yes

## ----------------- ##
## Output variables. ##
## ----------------- ##

CC='clang'
CFLAGS='-g -O2'
CPP='clang -E'
CPPFLAGS=''
CUDA_OBJS='cuda/cwc_convnet.o cuda/cwc_convnet_helper.o cuda/convnet/cwc_convnet_convolutional.o cuda/convnet/cwc_convnet_rnorm.o cuda/convnet/cwc_convnet_pool.o cuda/convnet/cwc_convnet_full_connect.o'
DEFINE_MACROS='-D HAVE_CBLAS -D HAVE_LIBPNG -D HAVE_LIBJPEG -D HAVE_FFTW3 -D HAVE_LIBLINEAR -D HAVE_AVCODEC -D HAVE_AVFORMAT -D HAVE_SWSCALE -D HAVE_SSE2 -D HAVE_GSL -D HAVE_CUDA'
DEFS='-DPACKAGE_NAME=\"libccv\" -DPACKAGE_TARNAME=\"libccv\" -DPACKAGE_VERSION=\"0.6\" -DPACKAGE_STRING=\"libccv\ 0.6\" -DPACKAGE_BUGREPORT=\"\" -DPACKAGE_URL=\"\" -DSTDC_HEADERS=1 -DHAVE_SYS_TYPES_H=1 -DHAVE_SYS_STAT_H=1 -DHAVE_STDLIB_H=1 -DHAVE_STRING_H=1 -DHAVE_MEMORY_H=1 -DHAVE_STRINGS_H=1 -DHAVE_INTTYPES_H=1 -DHAVE_STDINT_H=1 -DHAVE_UNISTD_H=1 -DHAVE_LIBM=1 -DHAVE_LIBGSLCBLAS=1'
DISCFLAGS='-msse2 -D HAVE_CBLAS -D HAVE_LIBPNG -D HAVE_LIBJPEG -D HAVE_FFTW3 -D HAVE_LIBLINEAR -D HAVE_AVCODEC -D HAVE_AVFORMAT -D HAVE_SWSCALE -D HAVE_SSE2 -D HAVE_GSL -D HAVE_CUDA'
ECHO_C=''
ECHO_N='-n'
ECHO_T=''
EGREP='/bin/grep -E'
EXEEXT=''
GREP='/bin/grep'
LDFLAGS=''
LIBOBJS=''
LIBS='-lgslcblas -lm '
LTLIBOBJS=''
MKCFLAGS='-msse2 $(DEFINE_MACROS)'
MKLDFLAGS='-lm -lcblas -latlas -lpng -ljpeg -lfftw3 -lfftw3f -lpthread -llinear -lavcodec -lavformat -lswscale -lgsl -lgslcblas -lcuda -lcudart -lcublas -L/usr/local/cuda/lib64'
NVCC=''
OBJEXT='o'
PACKAGE_BUGREPORT=''
PACKAGE_NAME='libccv'
PACKAGE_STRING='libccv 0.6'
PACKAGE_TARNAME='libccv'
PACKAGE_URL=''
PACKAGE_VERSION='0.6'
PATH_SEPARATOR=':'
SHELL='/bin/bash'
ac_ct_CC=''
bindir='${exec_prefix}/bin'
build_alias=''
datadir='${datarootdir}'
datarootdir='${prefix}/share'
docdir='${datarootdir}/doc/${PACKAGE_TARNAME}'
dvidir='${docdir}'
exec_prefix='${prefix}'
host_alias=''
htmldir='${docdir}'
includedir='${prefix}/include'
infodir='${datarootdir}/info'
libdir='${exec_prefix}/lib'
libexecdir='${exec_prefix}/libexec'
localedir='${datarootdir}/locale'
localstatedir='${prefix}/var'
mandir='${datarootdir}/man'
oldincludedir='/usr/include'
pdfdir='${docdir}'
prefix='/usr/local'
program_transform_name='s,x,x,'
psdir='${docdir}'
sbindir='${exec_prefix}/sbin'
sharedstatedir='${prefix}/com'
sysconfdir='${prefix}/etc'
target_alias=''

## ----------- ##
## confdefs.h. ##
## ----------- ##

/* confdefs.h */
#define PACKAGE_NAME "libccv"
#define PACKAGE_TARNAME "libccv"
#define PACKAGE_VERSION "0.6"
#define PACKAGE_STRING "libccv 0.6"
#define PACKAGE_BUGREPORT ""
#define PACKAGE_URL ""
#define STDC_HEADERS 1
#define HAVE_SYS_TYPES_H 1
#define HAVE_SYS_STAT_H 1
#define HAVE_STDLIB_H 1
#define HAVE_STRING_H 1
#define HAVE_MEMORY_H 1
#define HAVE_STRINGS_H 1
#define HAVE_INTTYPES_H 1
#define HAVE_STDINT_H 1
#define HAVE_UNISTD_H 1
#define HAVE_LIBM 1
#define HAVE_LIBGSLCBLAS 1

configure: exit 0
